2021-03-26 13:32:20,668 - root - INFO - ** Kedro project ogs-connectors
2021-03-26 13:32:20,683 - kedro.io.data_catalog - INFO - Loading data from `example_iris_data` (CSVDataSet)...
2021-03-26 13:32:20,685 - kedro.io.data_catalog - INFO - Loading data from `params:example_test_data_ratio` (MemoryDataSet)...
2021-03-26 13:32:20,685 - kedro.pipeline.node - INFO - Running node: split: split_data([example_iris_data,params:example_test_data_ratio]) -> [example_test_x,example_test_y,example_train_x,example_train_y]
2021-03-26 13:32:20,689 - kedro.io.data_catalog - INFO - Saving data to `example_train_x` (MemoryDataSet)...
2021-03-26 13:32:20,689 - kedro.io.data_catalog - INFO - Saving data to `example_train_y` (MemoryDataSet)...
2021-03-26 13:32:20,689 - kedro.io.data_catalog - INFO - Saving data to `example_test_x` (MemoryDataSet)...
2021-03-26 13:32:20,689 - kedro.io.data_catalog - INFO - Saving data to `example_test_y` (MemoryDataSet)...
2021-03-26 13:32:20,689 - kedro.runner.sequential_runner - INFO - Completed 1 out of 4 tasks
2021-03-26 13:32:20,689 - kedro.io.data_catalog - INFO - Loading data from `example_train_x` (MemoryDataSet)...
2021-03-26 13:32:20,689 - kedro.io.data_catalog - INFO - Loading data from `example_train_y` (MemoryDataSet)...
2021-03-26 13:32:20,689 - kedro.io.data_catalog - INFO - Loading data from `parameters` (MemoryDataSet)...
2021-03-26 13:32:20,689 - kedro.pipeline.node - INFO - Running node: train: train_model([example_train_x,example_train_y,parameters]) -> [example_model]
2021-03-26 13:32:20,837 - kedro.io.data_catalog - INFO - Saving data to `example_model` (MemoryDataSet)...
2021-03-26 13:32:20,838 - kedro.runner.sequential_runner - INFO - Completed 2 out of 4 tasks
2021-03-26 13:32:20,838 - kedro.io.data_catalog - INFO - Loading data from `example_model` (MemoryDataSet)...
2021-03-26 13:32:20,838 - kedro.io.data_catalog - INFO - Loading data from `example_test_x` (MemoryDataSet)...
2021-03-26 13:32:20,838 - kedro.pipeline.node - INFO - Running node: predict: predict([example_model,example_test_x]) -> [example_predictions]
2021-03-26 13:32:20,838 - kedro.io.data_catalog - INFO - Saving data to `example_predictions` (MemoryDataSet)...
2021-03-26 13:32:20,838 - kedro.runner.sequential_runner - INFO - Completed 3 out of 4 tasks
2021-03-26 13:32:20,838 - kedro.io.data_catalog - INFO - Loading data from `example_predictions` (MemoryDataSet)...
2021-03-26 13:32:20,838 - kedro.io.data_catalog - INFO - Loading data from `example_test_y` (MemoryDataSet)...
2021-03-26 13:32:20,838 - kedro.pipeline.node - INFO - Running node: report: report_accuracy([example_predictions,example_test_y]) -> None
2021-03-26 13:32:20,838 - ogs_connectors.pipelines.data_science.nodes - INFO - Model accuracy on test set: 83.33%
2021-03-26 13:32:20,839 - kedro.runner.sequential_runner - INFO - Completed 4 out of 4 tasks
2021-03-26 13:32:20,839 - kedro.runner.sequential_runner - INFO - Pipeline execution completed successfully.
2021-03-26 13:32:20,839 - kedro.framework.session.store - INFO - `save()` not implemented for `BaseSessionStore`. Skipping the step.
2021-03-26 13:34:43,786 - root - INFO - ** Kedro project ogs-connectors
2021-03-26 13:34:43,802 - kedro.framework.session.store - INFO - `save()` not implemented for `BaseSessionStore`. Skipping the step.
2021-03-26 13:37:34,143 - root - INFO - ** Kedro project ogs-connectors
2021-03-26 13:37:34,158 - kedro.framework.session.store - INFO - `save()` not implemented for `BaseSessionStore`. Skipping the step.
2021-03-26 13:37:47,049 - root - INFO - ** Kedro project ogs-connectors
2021-03-26 13:37:47,061 - kedro.framework.session.store - INFO - `save()` not implemented for `BaseSessionStore`. Skipping the step.
2021-03-26 13:39:14,180 - root - INFO - ** Kedro project ogs-connectors
2021-03-26 13:39:14,194 - kedro.framework.session.store - INFO - `save()` not implemented for `BaseSessionStore`. Skipping the step.
2021-03-26 13:39:20,730 - root - INFO - ** Kedro project ogs-connectors
2021-03-26 13:39:20,742 - kedro.framework.session.store - INFO - `save()` not implemented for `BaseSessionStore`. Skipping the step.
2021-03-26 13:40:47,398 - root - INFO - ** Kedro project ogs-connectors
2021-03-26 13:40:48,731 - kedro.framework.session.store - INFO - `save()` not implemented for `BaseSessionStore`. Skipping the step.
2021-03-26 13:41:22,712 - root - INFO - ** Kedro project ogs-connectors
2021-03-26 13:41:22,924 - kedro.io.data_catalog - INFO - Loading data from `ademe_assessments` (CSVDataSet)...
2021-03-26 13:41:23,344 - kedro.pipeline.node - INFO - Running node: f([ademe_assessments]) -> None
2021-03-26 13:41:23,362 - kedro.runner.sequential_runner - INFO - Completed 1 out of 1 tasks
2021-03-26 13:41:23,362 - kedro.runner.sequential_runner - INFO - Pipeline execution completed successfully.
2021-03-26 13:41:23,362 - kedro.framework.session.store - INFO - `save()` not implemented for `BaseSessionStore`. Skipping the step.
2021-03-26 13:44:10,997 - root - INFO - ** Kedro project ogs-connectors
2021-03-26 13:44:11,203 - kedro.io.data_catalog - INFO - Loading data from `ademe_assessments` (CSVDataSet)...
2021-03-26 13:44:11,636 - kedro.pipeline.node - INFO - Running node: f([ademe_assessments]) -> None
2021-03-26 13:44:11,648 - kedro.runner.sequential_runner - INFO - Completed 1 out of 1 tasks
2021-03-26 13:44:11,649 - kedro.runner.sequential_runner - INFO - Pipeline execution completed successfully.
2021-03-26 13:44:11,649 - kedro.framework.session.store - INFO - `save()` not implemented for `BaseSessionStore`. Skipping the step.
2021-03-26 13:50:25,444 - root - INFO - ** Kedro project ogs-connectors
2021-03-26 13:50:25,649 - kedro.io.data_catalog - INFO - Loading data from `ademe_assessments` (CSVDataSet)...
2021-03-26 13:50:26,069 - kedro.pipeline.node - INFO - Running node: f([ademe_assessments]) -> None
2021-03-26 13:50:26,082 - kedro.runner.sequential_runner - INFO - Completed 1 out of 1 tasks
2021-03-26 13:50:26,082 - kedro.runner.sequential_runner - INFO - Pipeline execution completed successfully.
2021-03-26 13:50:26,082 - kedro.framework.session.store - INFO - `save()` not implemented for `BaseSessionStore`. Skipping the step.
2021-03-26 13:53:37,604 - root - INFO - ** Kedro project ogs-connectors
2021-03-26 13:53:37,805 - kedro.io.data_catalog - INFO - Loading data from `ademe_assessments` (CSVDataSet)...
2021-03-26 13:53:38,202 - kedro.io.data_catalog - INFO - Loading data from `ademe_emissions` (CSVDataSet)...
2021-03-26 13:53:38,623 - kedro.io.data_catalog - INFO - Loading data from `ademe_legal_units` (CSVDataSet)...
2021-03-26 13:53:38,887 - kedro.io.data_catalog - INFO - Loading data from `ademe_scope_items` (CSVDataSet)...
2021-03-26 13:53:39,095 - kedro.io.data_catalog - INFO - Loading data from `ademe_texts` (CSVDataSet)...
2021-03-26 13:53:42,807 - kedro.pipeline.node - INFO - Running node: f([ademe_assessments,ademe_emissions,ademe_legal_units,ademe_scope_items,ademe_texts]) -> None
2021-03-26 13:53:42,811 - kedro.runner.sequential_runner - INFO - Completed 1 out of 1 tasks
2021-03-26 13:53:42,811 - kedro.runner.sequential_runner - INFO - Pipeline execution completed successfully.
2021-03-26 13:53:42,811 - kedro.framework.session.store - INFO - `save()` not implemented for `BaseSessionStore`. Skipping the step.
2021-03-26 13:54:36,717 - werkzeug - INFO -  * Running on http://127.0.0.1:4141/ (Press CTRL+C to quit)
2021-03-26 13:54:36,794 - werkzeug - INFO - 127.0.0.1 - - [26/Mar/2021 13:54:36] "[37mGET / HTTP/1.1[0m" 200 -
2021-03-26 13:54:37,173 - werkzeug - INFO - 127.0.0.1 - - [26/Mar/2021 13:54:37] "[37mGET /static/css/2.4fc60fde.chunk.css HTTP/1.1[0m" 200 -
2021-03-26 13:54:37,176 - werkzeug - INFO - 127.0.0.1 - - [26/Mar/2021 13:54:37] "[37mGET /static/css/main.e09ed193.chunk.css HTTP/1.1[0m" 200 -
2021-03-26 13:54:37,177 - werkzeug - INFO - 127.0.0.1 - - [26/Mar/2021 13:54:37] "[37mGET /static/js/2.56e74bd1.chunk.js HTTP/1.1[0m" 200 -
2021-03-26 13:54:37,178 - werkzeug - INFO - 127.0.0.1 - - [26/Mar/2021 13:54:37] "[37mGET /static/js/main.049cfaaa.chunk.js HTTP/1.1[0m" 200 -
2021-03-26 13:54:37,649 - werkzeug - INFO - 127.0.0.1 - - [26/Mar/2021 13:54:37] "[37mGET /api/main HTTP/1.1[0m" 200 -
2021-03-26 13:54:37,967 - werkzeug - INFO - 127.0.0.1 - - [26/Mar/2021 13:54:37] "[37mGET /static/media/brodyquest.fdbacfeb.mp3 HTTP/1.1[0m" 206 -
2021-03-26 13:54:38,378 - werkzeug - INFO - 127.0.0.1 - - [26/Mar/2021 13:54:38] "[37mGET /favicon.ico HTTP/1.1[0m" 200 -
2021-03-26 13:57:46,359 - root - INFO - ** Kedro project ogs-connectors
2021-03-26 13:57:46,518 - kedro.io.data_catalog - INFO - Loading data from `ademe_assessments` (CSVDataSet)...
2021-03-26 13:57:46,918 - kedro.io.data_catalog - INFO - Loading data from `ademe_emissions` (CSVDataSet)...
2021-03-26 13:57:47,312 - kedro.io.data_catalog - INFO - Loading data from `ademe_legal_units` (CSVDataSet)...
2021-03-26 13:57:47,595 - kedro.io.data_catalog - INFO - Loading data from `ademe_scope_items` (CSVDataSet)...
2021-03-26 13:57:47,762 - kedro.io.data_catalog - INFO - Loading data from `ademe_texts` (CSVDataSet)...
2021-03-26 13:57:51,282 - kedro.pipeline.node - INFO - Running node: ademe_connector([ademe_assessments,ademe_emissions,ademe_legal_units,ademe_scope_items,ademe_texts]) -> None
2021-03-26 13:57:51,285 - kedro.runner.sequential_runner - INFO - Completed 1 out of 1 tasks
2021-03-26 13:57:51,285 - kedro.runner.sequential_runner - INFO - Pipeline execution completed successfully.
2021-03-26 13:57:51,285 - kedro.framework.session.store - INFO - `save()` not implemented for `BaseSessionStore`. Skipping the step.
2021-03-26 13:58:40,584 - werkzeug - INFO -  * Running on http://127.0.0.1:4141/ (Press CTRL+C to quit)
2021-03-26 13:58:40,766 - werkzeug - INFO - 127.0.0.1 - - [26/Mar/2021 13:58:40] "[36mGET / HTTP/1.1[0m" 304 -
2021-03-26 13:58:41,631 - werkzeug - INFO - 127.0.0.1 - - [26/Mar/2021 13:58:41] "[37mGET /api/main HTTP/1.1[0m" 200 -
2021-03-26 13:58:41,971 - werkzeug - INFO - 127.0.0.1 - - [26/Mar/2021 13:58:41] "[37mGET /static/media/brodyquest.fdbacfeb.mp3 HTTP/1.1[0m" 206 -
2021-03-28 15:10:36,791 - root - INFO - ** Kedro project ogs-connectors
2021-03-28 15:10:37,029 - kedro.io.data_catalog - INFO - Loading data from `ademe_assessments` (CSVDataSet)...
2021-03-28 15:10:39,013 - kedro.io.data_catalog - INFO - Loading data from `ademe_emissions` (CSVDataSet)...
2021-03-28 15:10:39,789 - kedro.io.data_catalog - INFO - Loading data from `ademe_legal_units` (CSVDataSet)...
2021-03-28 15:10:40,228 - kedro.io.data_catalog - INFO - Loading data from `ademe_scope_items` (CSVDataSet)...
2021-03-28 15:10:40,537 - kedro.io.data_catalog - INFO - Loading data from `ademe_texts` (CSVDataSet)...
2021-03-28 15:10:57,048 - kedro.runner.sequential_runner - WARNING - There are 1 nodes that have not run.
You can resume the pipeline run by adding the following argument to your previous command:

2021-03-28 15:10:57,055 - kedro.framework.session.store - INFO - `save()` not implemented for `BaseSessionStore`. Skipping the step.
2021-03-28 17:37:18,091 - root - INFO - ** Kedro project ogs-connectors
2021-03-28 17:37:18,255 - kedro.io.data_catalog - INFO - Loading data from `ademe_assessments` (CSVDataSet)...
2021-03-28 17:37:18,683 - kedro.io.data_catalog - INFO - Loading data from `ademe_emissions` (CSVDataSet)...
2021-03-28 17:37:19,034 - kedro.io.data_catalog - INFO - Loading data from `ademe_legal_units` (CSVDataSet)...
2021-03-28 17:37:19,293 - kedro.io.data_catalog - INFO - Loading data from `ademe_scope_items` (CSVDataSet)...
2021-03-28 17:37:19,505 - kedro.io.data_catalog - INFO - Loading data from `ademe_texts` (CSVDataSet)...
2021-03-28 17:37:22,535 - kedro.pipeline.node - INFO - Running node: ademe_connector([ademe_assessments,ademe_emissions,ademe_legal_units,ademe_scope_items,ademe_texts]) -> None
2021-03-28 17:37:22,538 - kedro.runner.sequential_runner - INFO - Completed 1 out of 1 tasks
2021-03-28 17:37:22,538 - kedro.runner.sequential_runner - INFO - Pipeline execution completed successfully.
2021-03-28 17:37:22,538 - kedro.framework.session.store - INFO - `save()` not implemented for `BaseSessionStore`. Skipping the step.
2021-03-28 17:51:15,522 - root - INFO - ** Kedro project ogs-connectors
2021-03-28 17:51:15,681 - kedro.io.data_catalog - INFO - Loading data from `ademe_assessments` (CSVDataSet)...
2021-03-28 17:51:16,088 - kedro.io.data_catalog - INFO - Loading data from `ademe_emissions` (CSVDataSet)...
2021-03-28 17:51:16,437 - kedro.io.data_catalog - INFO - Loading data from `ademe_legal_units` (CSVDataSet)...
2021-03-28 17:51:16,657 - kedro.io.data_catalog - INFO - Loading data from `ademe_scope_items` (CSVDataSet)...
2021-03-28 17:51:16,845 - kedro.io.data_catalog - INFO - Loading data from `ademe_texts` (CSVDataSet)...
2021-03-28 17:51:19,872 - kedro.pipeline.node - INFO - Running node: ademe_connector([ademe_assessments,ademe_emissions,ademe_legal_units,ademe_scope_items,ademe_texts]) -> None
2021-03-28 17:51:19,875 - kedro.runner.sequential_runner - INFO - Completed 1 out of 1 tasks
2021-03-28 17:51:19,875 - kedro.runner.sequential_runner - INFO - Pipeline execution completed successfully.
2021-03-28 17:51:19,875 - kedro.framework.session.store - INFO - `save()` not implemented for `BaseSessionStore`. Skipping the step.
2021-03-28 17:51:31,801 - root - INFO - ** Kedro project ogs-connectors
2021-03-28 17:51:31,921 - kedro.io.data_catalog - INFO - Loading data from `ademe_assessments` (CSVDataSet)...
2021-03-28 17:51:32,300 - kedro.io.data_catalog - INFO - Loading data from `ademe_emissions` (CSVDataSet)...
2021-03-28 17:51:32,647 - kedro.io.data_catalog - INFO - Loading data from `ademe_legal_units` (CSVDataSet)...
2021-03-28 17:51:32,867 - kedro.io.data_catalog - INFO - Loading data from `ademe_scope_items` (CSVDataSet)...
2021-03-28 17:51:33,080 - kedro.io.data_catalog - INFO - Loading data from `ademe_texts` (CSVDataSet)...
2021-03-28 17:51:36,075 - kedro.pipeline.node - INFO - Running node: ademe_connector([ademe_assessments,ademe_emissions,ademe_legal_units,ademe_scope_items,ademe_texts]) -> None
2021-03-28 17:51:36,079 - kedro.runner.sequential_runner - INFO - Completed 1 out of 1 tasks
2021-03-28 17:51:36,079 - kedro.runner.sequential_runner - INFO - Pipeline execution completed successfully.
2021-03-28 17:51:36,079 - kedro.framework.session.store - INFO - `save()` not implemented for `BaseSessionStore`. Skipping the step.
2021-03-28 18:01:42,903 - root - INFO - ** Kedro project ogs-connectors
2021-03-28 18:01:43,079 - kedro.io.data_catalog - INFO - Loading data from `ademe_assessments` (CSVDataSet)...
2021-03-28 18:01:43,479 - kedro.io.data_catalog - INFO - Loading data from `ademe_emissions` (CSVDataSet)...
2021-03-28 18:01:43,907 - kedro.io.data_catalog - INFO - Loading data from `ademe_legal_units` (CSVDataSet)...
2021-03-28 18:01:44,130 - kedro.io.data_catalog - INFO - Loading data from `ademe_scope_items` (CSVDataSet)...
2021-03-28 18:01:44,326 - kedro.io.data_catalog - INFO - Loading data from `ademe_texts` (CSVDataSet)...
2021-03-28 18:01:47,409 - kedro.pipeline.node - INFO - Running node: ademe_connector([ademe_assessments,ademe_emissions,ademe_legal_units,ademe_scope_items,ademe_texts]) -> None
2021-03-28 18:01:47,443 - kedro.runner.sequential_runner - INFO - Completed 1 out of 1 tasks
2021-03-28 18:01:47,443 - kedro.runner.sequential_runner - INFO - Pipeline execution completed successfully.
2021-03-28 18:01:47,443 - kedro.framework.session.store - INFO - `save()` not implemented for `BaseSessionStore`. Skipping the step.
2021-03-28 18:03:52,123 - root - INFO - ** Kedro project ogs-connectors
2021-03-28 18:03:52,239 - kedro.io.data_catalog - INFO - Loading data from `ademe_assessments` (CSVDataSet)...
2021-03-28 18:03:52,650 - kedro.io.data_catalog - INFO - Loading data from `ademe_emissions` (CSVDataSet)...
2021-03-28 18:03:53,048 - kedro.io.data_catalog - INFO - Loading data from `ademe_legal_units` (CSVDataSet)...
2021-03-28 18:03:53,273 - kedro.io.data_catalog - INFO - Loading data from `ademe_scope_items` (CSVDataSet)...
2021-03-28 18:03:53,461 - kedro.io.data_catalog - INFO - Loading data from `ademe_texts` (CSVDataSet)...
2021-03-28 18:03:56,600 - kedro.pipeline.node - INFO - Running node: ademe_connector([ademe_assessments,ademe_emissions,ademe_legal_units,ademe_scope_items,ademe_texts]) -> None
2021-03-28 18:03:56,656 - kedro.runner.sequential_runner - INFO - Completed 1 out of 1 tasks
2021-03-28 18:03:56,656 - kedro.runner.sequential_runner - INFO - Pipeline execution completed successfully.
2021-03-28 18:03:56,656 - kedro.framework.session.store - INFO - `save()` not implemented for `BaseSessionStore`. Skipping the step.
2021-03-28 18:06:12,977 - root - INFO - ** Kedro project OGS Connectors
2021-03-28 18:06:12,978 - root - INFO - Defined global variable `context`, `session` and `catalog`
2021-03-28 18:06:13,155 - root - INFO - Registered line magic `run_viz`
2021-03-28 18:06:47,022 - kedro.io.data_catalog - INFO - Loading data from `ademe_assessments` (CSVDataSet)...
2021-03-28 18:07:28,249 - kedro.io.data_catalog - INFO - Loading data from `ademe_assessments` (CSVDataSet)...
2021-03-28 18:07:28,660 - kedro.io.data_catalog - INFO - Loading data from `ademe_emissions` (CSVDataSet)...
2021-03-28 18:07:29,055 - kedro.io.data_catalog - INFO - Loading data from `ademe_legal_units` (CSVDataSet)...
2021-03-28 18:07:29,298 - kedro.io.data_catalog - INFO - Loading data from `ademe_scope_items` (CSVDataSet)...
2021-03-28 18:07:29,495 - kedro.io.data_catalog - INFO - Loading data from `ademe_texts` (CSVDataSet)...
2021-03-28 18:09:34,022 - kedro.io.data_catalog - INFO - Loading data from `ademe_assessments` (CSVDataSet)...
2021-03-28 18:09:34,449 - kedro.io.data_catalog - INFO - Loading data from `ademe_emissions` (CSVDataSet)...
2021-03-28 18:09:34,796 - kedro.io.data_catalog - INFO - Loading data from `ademe_legal_units` (CSVDataSet)...
2021-03-28 18:09:35,038 - kedro.io.data_catalog - INFO - Loading data from `ademe_scope_items` (CSVDataSet)...
2021-03-28 18:09:35,232 - kedro.io.data_catalog - INFO - Loading data from `ademe_texts` (CSVDataSet)...
2021-03-28 18:13:23,130 - kedro.io.data_catalog - INFO - Loading data from `ademe_assessments` (CSVDataSet)...
2021-03-28 18:13:23,507 - kedro.io.data_catalog - INFO - Loading data from `ademe_emissions` (CSVDataSet)...
2021-03-28 18:13:23,912 - kedro.io.data_catalog - INFO - Loading data from `ademe_legal_units` (CSVDataSet)...
2021-03-28 18:13:24,132 - kedro.io.data_catalog - INFO - Loading data from `ademe_scope_items` (CSVDataSet)...
2021-03-28 18:13:24,336 - kedro.io.data_catalog - INFO - Loading data from `ademe_texts` (CSVDataSet)...
2021-03-28 18:22:10,668 - kedro.io.data_catalog - INFO - Loading data from `ademe_assessments` (CSVDataSet)...
2021-03-28 18:22:11,220 - kedro.io.data_catalog - INFO - Loading data from `ademe_emissions` (CSVDataSet)...
2021-03-28 18:22:11,832 - kedro.io.data_catalog - INFO - Loading data from `ademe_legal_units` (CSVDataSet)...
2021-03-28 18:22:12,677 - kedro.io.data_catalog - INFO - Loading data from `ademe_scope_items` (CSVDataSet)...
2021-03-28 18:22:13,518 - kedro.io.data_catalog - INFO - Loading data from `ademe_texts` (CSVDataSet)...
2021-03-28 18:26:19,988 - kedro.io.data_catalog - INFO - Loading data from `ademe_assessments` (CSVDataSet)...
2021-03-28 18:26:20,484 - kedro.io.data_catalog - INFO - Loading data from `ademe_emissions` (CSVDataSet)...
2021-03-28 18:26:20,923 - kedro.io.data_catalog - INFO - Loading data from `ademe_legal_units` (CSVDataSet)...
2021-03-28 18:26:21,192 - kedro.io.data_catalog - INFO - Loading data from `ademe_scope_items` (CSVDataSet)...
2021-03-28 18:26:21,406 - kedro.io.data_catalog - INFO - Loading data from `ademe_texts` (CSVDataSet)...
2021-03-28 18:36:21,427 - root - INFO - ** Kedro project ogs-connectors
2021-03-28 18:36:21,622 - kedro.io.data_catalog - INFO - Loading data from `ademe_assessments` (CSVDataSet)...
2021-03-28 18:36:22,086 - kedro.io.data_catalog - INFO - Loading data from `ademe_emissions` (CSVDataSet)...
2021-03-28 18:36:22,434 - kedro.io.data_catalog - INFO - Loading data from `ademe_legal_units` (CSVDataSet)...
2021-03-28 18:36:22,661 - kedro.io.data_catalog - INFO - Loading data from `ademe_scope_items` (CSVDataSet)...
2021-03-28 18:36:22,838 - kedro.io.data_catalog - INFO - Loading data from `ademe_texts` (CSVDataSet)...
2021-03-28 18:36:26,350 - kedro.pipeline.node - INFO - Running node: ademe_connector([ademe_assessments,ademe_emissions,ademe_legal_units,ademe_scope_items,ademe_texts]) -> None
2021-03-28 18:36:29,571 - kedro.runner.sequential_runner - INFO - Completed 1 out of 1 tasks
2021-03-28 18:36:29,572 - kedro.runner.sequential_runner - INFO - Pipeline execution completed successfully.
2021-03-28 18:36:29,572 - kedro.framework.session.store - INFO - `save()` not implemented for `BaseSessionStore`. Skipping the step.
2021-03-28 18:37:48,201 - root - INFO - ** Kedro project ogs-connectors
2021-03-28 18:37:48,391 - kedro.io.data_catalog - INFO - Loading data from `ademe_assessments` (CSVDataSet)...
2021-03-28 18:37:48,754 - kedro.io.data_catalog - INFO - Loading data from `ademe_emissions` (CSVDataSet)...
2021-03-28 18:37:49,124 - kedro.io.data_catalog - INFO - Loading data from `ademe_legal_units` (CSVDataSet)...
2021-03-28 18:37:49,335 - kedro.io.data_catalog - INFO - Loading data from `ademe_scope_items` (CSVDataSet)...
2021-03-28 18:37:49,517 - kedro.io.data_catalog - INFO - Loading data from `ademe_texts` (CSVDataSet)...
2021-03-28 18:37:52,338 - kedro.pipeline.node - INFO - Running node: ademe_connector([ademe_assessments,ademe_emissions,ademe_legal_units,ademe_scope_items,ademe_texts]) -> [test]
2021-03-28 18:37:55,451 - kedro.io.data_catalog - INFO - Saving data to `test` (CSVDataSet)...
2021-03-28 18:37:55,452 - kedro.runner.sequential_runner - WARNING - There are 1 nodes that have not run.
You can resume the pipeline run by adding the following argument to your previous command:

2021-03-28 18:37:55,455 - kedro.framework.session.store - INFO - `save()` not implemented for `BaseSessionStore`. Skipping the step.
2021-03-28 18:38:36,562 - root - INFO - ** Kedro project ogs-connectors
2021-03-28 18:38:36,744 - kedro.io.data_catalog - INFO - Loading data from `ademe_assessments` (CSVDataSet)...
2021-03-28 18:38:37,150 - kedro.io.data_catalog - INFO - Loading data from `ademe_emissions` (CSVDataSet)...
2021-03-28 18:38:37,525 - kedro.io.data_catalog - INFO - Loading data from `ademe_legal_units` (CSVDataSet)...
2021-03-28 18:38:38,094 - kedro.io.data_catalog - INFO - Loading data from `ademe_scope_items` (CSVDataSet)...
2021-03-28 18:38:38,299 - kedro.io.data_catalog - INFO - Loading data from `ademe_texts` (CSVDataSet)...
2021-03-28 18:38:41,213 - kedro.pipeline.node - INFO - Running node: ademe_connector([ademe_assessments,ademe_emissions,ademe_legal_units,ademe_scope_items,ademe_texts]) -> [test]
2021-03-28 18:38:44,340 - kedro.io.data_catalog - INFO - Saving data to `test` (CSVDataSet)...
2021-03-28 18:38:47,639 - kedro.runner.sequential_runner - INFO - Completed 1 out of 1 tasks
2021-03-28 18:38:47,639 - kedro.runner.sequential_runner - INFO - Pipeline execution completed successfully.
2021-03-28 18:38:47,639 - kedro.framework.session.store - INFO - `save()` not implemented for `BaseSessionStore`. Skipping the step.
2021-03-28 18:39:43,427 - root - INFO - ** Kedro project ogs-connectors
2021-03-28 18:39:43,612 - kedro.io.data_catalog - INFO - Loading data from `ademe_assessments` (CSVDataSet)...
2021-03-28 18:39:44,018 - kedro.io.data_catalog - INFO - Loading data from `ademe_emissions` (CSVDataSet)...
2021-03-28 18:39:44,412 - kedro.io.data_catalog - INFO - Loading data from `ademe_legal_units` (CSVDataSet)...
2021-03-28 18:39:44,622 - kedro.io.data_catalog - INFO - Loading data from `ademe_scope_items` (CSVDataSet)...
2021-03-28 18:39:44,827 - kedro.io.data_catalog - INFO - Loading data from `ademe_texts` (CSVDataSet)...
2021-03-28 18:39:47,755 - kedro.pipeline.node - INFO - Running node: ademe_connector([ademe_assessments,ademe_emissions,ademe_legal_units,ademe_scope_items,ademe_texts]) -> [test]
2021-03-28 18:39:50,887 - kedro.io.data_catalog - INFO - Saving data to `test` (CSVDataSet)...
2021-03-28 18:39:52,827 - kedro.runner.sequential_runner - INFO - Completed 1 out of 1 tasks
2021-03-28 18:39:52,828 - kedro.runner.sequential_runner - INFO - Pipeline execution completed successfully.
2021-03-28 18:39:52,828 - kedro.framework.session.store - INFO - `save()` not implemented for `BaseSessionStore`. Skipping the step.
2021-03-28 18:43:45,659 - root - INFO - ** Kedro project ogs-connectors
2021-03-28 18:43:45,842 - kedro.framework.session.store - INFO - `save()` not implemented for `BaseSessionStore`. Skipping the step.
2021-03-28 18:43:56,699 - root - INFO - ** Kedro project ogs-connectors
2021-03-28 18:43:56,850 - kedro.io.data_catalog - INFO - Loading data from `ademe_assessments` (CSVDataSet)...
2021-03-28 18:43:57,280 - kedro.io.data_catalog - INFO - Loading data from `ademe_emissions` (CSVDataSet)...
2021-03-28 18:43:57,622 - kedro.io.data_catalog - INFO - Loading data from `ademe_legal_units` (CSVDataSet)...
2021-03-28 18:43:57,841 - kedro.io.data_catalog - INFO - Loading data from `ademe_scope_items` (CSVDataSet)...
2021-03-28 18:43:58,028 - kedro.io.data_catalog - INFO - Loading data from `ademe_texts` (CSVDataSet)...
2021-03-28 18:44:00,929 - kedro.pipeline.node - INFO - Running node: ademe_connector([ademe_assessments,ademe_emissions,ademe_legal_units,ademe_scope_items,ademe_texts]) -> [test]
2021-03-28 18:44:04,505 - kedro.io.data_catalog - INFO - Saving data to `test` (MemoryDataSet)...
2021-03-28 18:44:04,513 - kedro.runner.sequential_runner - INFO - Completed 1 out of 1 tasks
2021-03-28 18:44:04,513 - kedro.runner.sequential_runner - INFO - Pipeline execution completed successfully.
2021-03-28 18:44:04,513 - kedro.io.data_catalog - INFO - Loading data from `test` (MemoryDataSet)...
2021-03-28 18:44:04,559 - kedro.framework.session.store - INFO - `save()` not implemented for `BaseSessionStore`. Skipping the step.
2021-03-28 18:44:41,408 - root - INFO - ** Kedro project ogs-connectors
2021-03-28 18:44:41,593 - kedro.io.data_catalog - INFO - Loading data from `ademe_assessments` (CSVDataSet)...
2021-03-28 18:44:41,975 - kedro.io.data_catalog - INFO - Loading data from `ademe_emissions` (CSVDataSet)...
2021-03-28 18:44:42,346 - kedro.io.data_catalog - INFO - Loading data from `ademe_legal_units` (CSVDataSet)...
2021-03-28 18:44:42,569 - kedro.io.data_catalog - INFO - Loading data from `ademe_scope_items` (CSVDataSet)...
2021-03-28 18:44:42,756 - kedro.io.data_catalog - INFO - Loading data from `ademe_texts` (CSVDataSet)...
2021-03-28 18:44:45,471 - kedro.pipeline.node - INFO - Running node: ademe_connector([ademe_assessments,ademe_emissions,ademe_legal_units,ademe_scope_items,ademe_texts]) -> [ademe_merged]
2021-03-28 18:44:48,992 - kedro.io.data_catalog - INFO - Saving data to `ademe_merged` (JSONDataSet)...
2021-03-28 18:44:49,528 - kedro.runner.sequential_runner - INFO - Completed 1 out of 1 tasks
2021-03-28 18:44:49,528 - kedro.runner.sequential_runner - INFO - Pipeline execution completed successfully.
2021-03-28 18:44:49,528 - kedro.framework.session.store - INFO - `save()` not implemented for `BaseSessionStore`. Skipping the step.
2021-03-28 22:06:26,434 - werkzeug - INFO -  * Running on http://127.0.0.1:4141/ (Press CTRL+C to quit)
2021-03-28 22:06:26,481 - werkzeug - INFO - 127.0.0.1 - - [28/Mar/2021 22:06:26] "[36mGET / HTTP/1.1[0m" 304 -
2021-03-28 22:06:26,850 - werkzeug - INFO - 127.0.0.1 - - [28/Mar/2021 22:06:26] "[37mGET /static/css/2.4fc60fde.chunk.css HTTP/1.1[0m" 200 -
2021-03-28 22:06:26,850 - werkzeug - INFO - 127.0.0.1 - - [28/Mar/2021 22:06:26] "[37mGET /static/css/main.e09ed193.chunk.css HTTP/1.1[0m" 200 -
2021-03-28 22:06:26,852 - werkzeug - INFO - 127.0.0.1 - - [28/Mar/2021 22:06:26] "[37mGET /static/js/2.56e74bd1.chunk.js HTTP/1.1[0m" 200 -
2021-03-28 22:06:26,852 - werkzeug - INFO - 127.0.0.1 - - [28/Mar/2021 22:06:26] "[37mGET /static/js/main.049cfaaa.chunk.js HTTP/1.1[0m" 200 -
2021-03-28 22:06:27,294 - werkzeug - INFO - 127.0.0.1 - - [28/Mar/2021 22:06:27] "[37mGET /api/main HTTP/1.1[0m" 200 -
2021-03-28 22:06:27,626 - werkzeug - INFO - 127.0.0.1 - - [28/Mar/2021 22:06:27] "[37mGET /static/media/brodyquest.fdbacfeb.mp3 HTTP/1.1[0m" 206 -
2021-03-28 22:06:27,927 - werkzeug - INFO - 127.0.0.1 - - [28/Mar/2021 22:06:27] "[37mGET /favicon.ico HTTP/1.1[0m" 200 -
2021-04-10 14:28:56,362 - root - INFO - ** Kedro project ogs-connectors
2021-04-10 14:28:56,974 - kedro.io.data_catalog - INFO - Loading data from `ademe_assessments` (CSVDataSet)...
2021-04-10 14:28:57,637 - kedro.io.data_catalog - INFO - Loading data from `ademe_emissions` (CSVDataSet)...
2021-04-10 14:28:58,348 - kedro.io.data_catalog - INFO - Loading data from `ademe_legal_units` (CSVDataSet)...
2021-04-10 14:28:58,690 - kedro.io.data_catalog - INFO - Loading data from `ademe_scope_items` (CSVDataSet)...
2021-04-10 14:28:58,895 - kedro.io.data_catalog - INFO - Loading data from `ademe_texts` (CSVDataSet)...
2021-04-10 14:29:16,018 - kedro.pipeline.node - INFO - Running node: ademe_connector([ademe_assessments,ademe_emissions,ademe_legal_units,ademe_scope_items,ademe_texts]) -> [ademe_merged]
2021-04-10 14:29:38,970 - kedro.io.data_catalog - INFO - Saving data to `ademe_merged` (JSONDataSet)...
2021-04-10 14:29:39,515 - kedro.runner.sequential_runner - INFO - Completed 1 out of 1 tasks
2021-04-10 14:29:39,516 - kedro.runner.sequential_runner - INFO - Pipeline execution completed successfully.
2021-04-10 14:29:39,516 - kedro.framework.session.store - INFO - `save()` not implemented for `BaseSessionStore`. Skipping the step.
2021-04-10 14:33:21,297 - root - INFO - ** Kedro project OGS Connectors
2021-04-10 14:33:21,298 - root - INFO - Defined global variable `context`, `session` and `catalog`
2021-04-10 14:33:21,444 - root - INFO - Registered line magic `run_viz`
2021-04-10 16:04:59,212 - root - INFO - ** Kedro project ogs-connectors
2021-04-10 16:04:59,398 - kedro.io.data_catalog - INFO - Loading data from `ademe_assessments` (CSVDataSet)...
2021-04-10 16:05:00,101 - kedro.io.data_catalog - INFO - Loading data from `ademe_emissions` (CSVDataSet)...
2021-04-10 16:05:00,860 - kedro.io.data_catalog - INFO - Loading data from `ademe_legal_units` (CSVDataSet)...
2021-04-10 16:05:01,201 - kedro.io.data_catalog - INFO - Loading data from `ademe_scope_items` (CSVDataSet)...
2021-04-10 16:05:01,437 - kedro.io.data_catalog - INFO - Loading data from `ademe_texts` (CSVDataSet)...
2021-04-10 16:05:12,150 - kedro.pipeline.node - INFO - Running node: ademe_connector([ademe_assessments,ademe_emissions,ademe_legal_units,ademe_scope_items,ademe_texts]) -> [ademe_merged]
2021-04-10 16:05:15,755 - kedro.io.data_catalog - INFO - Saving data to `ademe_merged` (JSONDataSet)...
2021-04-10 16:05:16,301 - kedro.runner.sequential_runner - INFO - Completed 1 out of 1 tasks
2021-04-10 16:05:16,301 - kedro.runner.sequential_runner - INFO - Pipeline execution completed successfully.
2021-04-10 16:05:16,301 - kedro.framework.session.store - INFO - `save()` not implemented for `BaseSessionStore`. Skipping the step.
2021-04-10 16:33:19,274 - root - INFO - ** Kedro project OGS Connectors
2021-04-10 16:33:19,275 - root - INFO - Defined global variable `context`, `session` and `catalog`
2021-04-10 16:33:19,419 - root - INFO - Registered line magic `run_viz`
